----------------------------------------------------------------
Sun Apr 17 10:49:49 CEST 2016:
Booting Derby version The Apache Software Foundation - Apache Derby - 10.12.1.1 - (1704137): instance a816c00e-0154-2369-6109-000002d9b320 
on database directory memory:C:\SCHOOL\PV168\Bands-project\BandsJDBC\bandmgr-test with class loader sun.misc.Launcher$AppClassLoader@75b84c92 
Loaded from file:/C:/Users/Lenka/.m2/repository/org/apache/derby/derby/10.12.1.1/derby-10.12.1.1.jar
java.vendor=Oracle Corporation
java.runtime.version=1.8.0_60-b27
user.dir=C:\SCHOOL\PV168\Bands-project\BandsJDBC
os.name=Windows 10
os.arch=amd64
os.version=10.0
derby.system.home=null
Database Class Loader started - derby.database.classpath=''
----------------------------------------------------------------
Sun Apr 17 10:49:50 CEST 2016:
Booting Derby version The Apache Software Foundation - Apache Derby - 10.12.1.1 - (1704137): instance 862b8134-0154-2369-6109-000002d9b320 
on database directory memory:C:\SCHOOL\PV168\Bands-project\BandsJDBC\ordermgr-test with class loader sun.misc.Launcher$AppClassLoader@75b84c92 
Loaded from file:/C:/Users/Lenka/.m2/repository/org/apache/derby/derby/10.12.1.1/derby-10.12.1.1.jar
java.vendor=Oracle Corporation
java.runtime.version=1.8.0_60-b27
user.dir=C:\SCHOOL\PV168\Bands-project\BandsJDBC
os.name=Windows 10
os.arch=amd64
os.version=10.0
derby.system.home=null
Database Class Loader started - derby.database.classpath=''
