----------------------------------------------------------------
Tue Apr 12 21:25:35 CEST 2016:
Booting Derby version The Apache Software Foundation - Apache Derby - 10.12.1.1 - (1704137): instance a816c00e-0154-0bef-a121-000002d80000 
on database directory memory:C:\SCHOOL\PV168\band_v3\BandsProject\band_v2\BandsProject\bandmgr-test with class loader sun.misc.Launcher$AppClassLoader@75b84c92 
Loaded from file:/C:/Users/Lenka/.m2/repository/org/apache/derby/derby/10.12.1.1/derby-10.12.1.1.jar
java.vendor=Oracle Corporation
java.runtime.version=1.8.0_60-b27
user.dir=C:\SCHOOL\PV168\band_v3\BandsProject\band_v2\BandsProject
os.name=Windows 10
os.arch=amd64
os.version=10.0
derby.system.home=null
Database Class Loader started - derby.database.classpath=''
----------------------------------------------------------------
Tue Apr 12 21:25:42 CEST 2016:
Booting Derby version The Apache Software Foundation - Apache Derby - 10.12.1.1 - (1704137): instance 862b8134-0154-0bef-a121-000002d80000 
on database directory memory:C:\SCHOOL\PV168\band_v3\BandsProject\band_v2\BandsProject\customermgr-test with class loader sun.misc.Launcher$AppClassLoader@75b84c92 
Loaded from file:/C:/Users/Lenka/.m2/repository/org/apache/derby/derby/10.12.1.1/derby-10.12.1.1.jar
java.vendor=Oracle Corporation
java.runtime.version=1.8.0_60-b27
user.dir=C:\SCHOOL\PV168\band_v3\BandsProject\band_v2\BandsProject
os.name=Windows 10
os.arch=amd64
os.version=10.0
derby.system.home=null
Database Class Loader started - derby.database.classpath=''
----------------------------------------------------------------
Tue Apr 12 21:25:43 CEST 2016:
Booting Derby version The Apache Software Foundation - Apache Derby - 10.12.1.1 - (1704137): instance c898c23e-0154-0bef-a121-000002d80000 
on database directory memory:C:\SCHOOL\PV168\band_v3\BandsProject\band_v2\BandsProject\ordermgr-test with class loader sun.misc.Launcher$AppClassLoader@75b84c92 
Loaded from file:/C:/Users/Lenka/.m2/repository/org/apache/derby/derby/10.12.1.1/derby-10.12.1.1.jar
java.vendor=Oracle Corporation
java.runtime.version=1.8.0_60-b27
user.dir=C:\SCHOOL\PV168\band_v3\BandsProject\band_v2\BandsProject
os.name=Windows 10
os.arch=amd64
os.version=10.0
derby.system.home=null
Database Class Loader started - derby.database.classpath=''
